
> rest-express@1.0.0 build:server
> tsc -p tsconfig.server.json

server/db_postgres.ts:55:9 - error TS7023: 'getUserByUsername' implicitly has return type 'any' because it does not have a return type annotation and is referenced directly or indirectly in one of its return expressions.

55   async getUserByUsername(username: string) {
           ~~~~~~~~~~~~~~~~~

server/routes.ts:1431:11 - error TS2554: Expected 1 arguments, but got 2.

1431           {
               ~
1432             participants: [
     ~~~~~~~~~~~~~~~~~~~~~~~~~~~
 ... 
1435             ]
     ~~~~~~~~~~~~~
1436           }
     ~~~~~~~~~~~

server/routes.ts:1660:11 - error TS2554: Expected 1 arguments, but got 2.

1660           {
               ~
1661             participants: [
     ~~~~~~~~~~~~~~~~~~~~~~~~~~~
 ... 
1664             ]
     ~~~~~~~~~~~~~
1665           }
     ~~~~~~~~~~~

server/storage.ts:3:43 - error TS2305: Module '"drizzle-orm/expressions"' has no exported member 'count'.

3 import { eq, and, or, like, desc, isNull, count, asc } from 'drizzle-orm/expressions';
                                            ~~~~~

server/storage.ts:26:7 - error TS7022: 'db' implicitly has type 'any' because it does not have a type annotation and is referenced directly or indirectly in its own initializer.

26 const db = dbClient.getDb();
         ~~

server/storage.ts:26:21 - error TS2339: Property 'getDb' does not exist on type '{ getUser(userId: number): Promise<any>; getUserByUsername(username: string): any; getUserByEmail(email: string): Promise<any>; createUser(userData: any): Promise<...>; ... 45 more ...; getActiveAdvertisement(position: string): Promise<...>; }'.

26 const db = dbClient.getDb();
                       ~~~~~

server/storage.ts:35:69 - error TS7006: Parameter 'rows' implicitly has an 'any' type.

35     return db.select().from(users).where(eq(users.id, userId)).then(rows => rows[0]);
                                                                       ~~~~

server/storage.ts:38:9 - error TS7023: 'getUserByUsername' implicitly has return type 'any' because it does not have a return type annotation and is referenced directly or indirectly in one of its return expressions.

38   async getUserByUsername(username: string) {
           ~~~~~~~~~~~~~~~~~

server/storage.ts:39:77 - error TS7006: Parameter 'rows' implicitly has an 'any' type.

39     return db.select().from(users).where(eq(users.username, username)).then(rows => rows[0]);
                                                                               ~~~~

server/storage.ts:43:71 - error TS7006: Parameter 'rows' implicitly has an 'any' type.

43     return db.select().from(users).where(eq(users.email, email)).then(rows => rows[0]);
                                                                         ~~~~

server/storage.ts:47:63 - error TS7006: Parameter 'rows' implicitly has an 'any' type.

47     return db.insert(users).values(userData).returning().then(rows => rows[0]);
                                                                 ~~~~

server/storage.ts:51:88 - error TS7006: Parameter 'rows' implicitly has an 'any' type.

51     return db.update(users).set(userData).where(eq(users.id, userId)).returning().then(rows => rows[0]);
                                                                                          ~~~~

server/storage.ts:71:65 - error TS7006: Parameter 'rows' implicitly has an 'any' type.

71     return db.select().from(items).where(eq(items.id, id)).then(rows => rows[0]);
                                                                   ~~~~

server/storage.ts:109:54 - error TS2769: No overload matches this call.
  Overload 1 of 3, '(left: Column<ColumnBaseConfig<ColumnDataType, string>, object, object>, right: unknown): SQL<unknown>', gave the following error.
    Argument of type '{ name: string; }' is not assignable to parameter of type 'Column<ColumnBaseConfig<ColumnDataType, string>, object, object>'.
      Type '{ name: string; }' is missing the following properties from type 'Column<ColumnBaseConfig<ColumnDataType, string>, object, object>': table, _, keyAsName, primary, and 18 more.
  Overload 2 of 3, '(left: Aliased<number>, right: number | SQLWrapper): SQL<unknown>', gave the following error.
    Argument of type '{ name: string; }' is not assignable to parameter of type 'Aliased<number>'.
      Type '{ name: string; }' is missing the following properties from type 'Aliased<number>': sql, fieldAlias, _, getSQL
  Overload 3 of 3, '(left: SQLWrapper, right: unknown): SQL<unknown>', gave the following error.
    Argument of type '{ name: string; }' is not assignable to parameter of type 'SQLWrapper'.
      Property 'getSQL' is missing in type '{ name: string; }' but required in type 'SQLWrapper'.

109     return db.select().from(advertisements).where(eq(advertisements.id, id)).then(rows => rows[0]);
                                                         ~~~~~~~~~~~~~~~~~

  node_modules/drizzle-orm/sql/sql.d.ts:50:5
    50     getSQL(): SQL;
           ~~~~~~~~~~~~~~
    'getSQL' is declared here.

server/storage.ts:109:83 - error TS7006: Parameter 'rows' implicitly has an 'any' type.

109     return db.select().from(advertisements).where(eq(advertisements.id, id)).then(rows => rows[0]);
                                                                                      ~~~~

server/storage.ts:113:58 - error TS2345: Argument of type '{ name: string; }' is not assignable to parameter of type 'SQLWrapper | AnyColumn'.
  Type '{ name: string; }' is missing the following properties from type 'Column<Required<{ name: string; dataType: ColumnDataType; columnType: string; data: unknown; driverParam: unknown; notNull: boolean; hasDefault: boolean; enumValues: string[] | undefined; tableName: string; isPrimaryKey: boolean; isAutoincrement: boolean; hasRuntimeDefault: boolean; }>, object, object>': table, _, keyAsName, primary, and 18 more.

113     return db.select().from(advertisements).orderBy(desc(advertisements.createdAt));
                                                             ~~~~~~~~~~~~~~~~~~~~~~~~

server/storage.ts:119:17 - error TS2769: No overload matches this call.
  Overload 1 of 3, '(left: Column<ColumnBaseConfig<ColumnDataType, string>, object, object>, right: unknown): SQL<unknown>', gave the following error.
    Argument of type '{ name: string; }' is not assignable to parameter of type 'Column<ColumnBaseConfig<ColumnDataType, string>, object, object>'.
      Type '{ name: string; }' is missing the following properties from type 'Column<ColumnBaseConfig<ColumnDataType, string>, object, object>': table, _, keyAsName, primary, and 18 more.
  Overload 2 of 3, '(left: Aliased<number>, right: number | SQLWrapper): SQL<unknown>', gave the following error.
    Argument of type '{ name: string; }' is not assignable to parameter of type 'Aliased<number>'.
      Type '{ name: string; }' is missing the following properties from type 'Aliased<number>': sql, fieldAlias, _, getSQL
  Overload 3 of 3, '(left: SQLWrapper, right: unknown): SQL<unknown>', gave the following error.
    Argument of type '{ name: string; }' is not assignable to parameter of type 'SQLWrapper'.
      Property 'getSQL' is missing in type '{ name: string; }' but required in type 'SQLWrapper'.

119       .where(eq(advertisements.id, id))
                    ~~~~~~~~~~~~~~~~~

  node_modules/drizzle-orm/sql/sql.d.ts:50:5
    50     getSQL(): SQL;
           ~~~~~~~~~~~~~~
    'getSQL' is declared here.

server/storage.ts:121:13 - error TS7006: Parameter 'rows' implicitly has an 'any' type.

121       .then(rows => rows[0]);
                ~~~~

server/storage.ts:126:17 - error TS2769: No overload matches this call.
  Overload 1 of 3, '(left: Column<ColumnBaseConfig<ColumnDataType, string>, object, object>, right: unknown): SQL<unknown>', gave the following error.
    Argument of type '{ name: string; }' is not assignable to parameter of type 'Column<ColumnBaseConfig<ColumnDataType, string>, object, object>'.
      Type '{ name: string; }' is missing the following properties from type 'Column<ColumnBaseConfig<ColumnDataType, string>, object, object>': table, _, keyAsName, primary, and 18 more.
  Overload 2 of 3, '(left: Aliased<number>, right: number | SQLWrapper): SQL<unknown>', gave the following error.
    Argument of type '{ name: string; }' is not assignable to parameter of type 'Aliased<number>'.
      Type '{ name: string; }' is missing the following properties from type 'Aliased<number>': sql, fieldAlias, _, getSQL
  Overload 3 of 3, '(left: SQLWrapper, right: unknown): SQL<unknown>', gave the following error.
    Argument of type '{ name: string; }' is not assignable to parameter of type 'SQLWrapper'.
      Property 'getSQL' is missing in type '{ name: string; }' but required in type 'SQLWrapper'.

126       .where(eq(advertisements.id, id))
                    ~~~~~~~~~~~~~~~~~

  node_modules/drizzle-orm/sql/sql.d.ts:50:5
    50     getSQL(): SQL;
           ~~~~~~~~~~~~~~
    'getSQL' is declared here.

server/storage.ts:128:13 - error TS7006: Parameter 'rows' implicitly has an 'any' type.

128       .then(rows => rows.length > 0);
                ~~~~

server/storage.ts:136:14 - error TS2769: No overload matches this call.
  Overload 1 of 3, '(left: Column<ColumnBaseConfig<ColumnDataType, string>, object, object>, right: unknown): SQL<unknown>', gave the following error.
    Argument of type '{ name: string; }' is not assignable to parameter of type 'Column<ColumnBaseConfig<ColumnDataType, string>, object, object>'.
      Type '{ name: string; }' is missing the following properties from type 'Column<ColumnBaseConfig<ColumnDataType, string>, object, object>': table, _, keyAsName, primary, and 18 more.
  Overload 2 of 3, '(left: Aliased<string>, right: string | SQLWrapper): SQL<unknown>', gave the following error.
    Argument of type '{ name: string; }' is not assignable to parameter of type 'Aliased<string>'.
      Type '{ name: string; }' is missing the following properties from type 'Aliased<string>': sql, fieldAlias, _, getSQL
  Overload 3 of 3, '(left: SQLWrapper, right: unknown): SQL<unknown>', gave the following error.
    Argument of type '{ name: string; }' is not assignable to parameter of type 'SQLWrapper'.
      Property 'getSQL' is missing in type '{ name: string; }' but required in type 'SQLWrapper'.

136           eq(advertisements.position, position),
                 ~~~~~~~~~~~~~~~~~~~~~~~

  node_modules/drizzle-orm/sql/sql.d.ts:50:5
    50     getSQL(): SQL;
           ~~~~~~~~~~~~~~
    'getSQL' is declared here.

server/storage.ts:137:14 - error TS2769: No overload matches this call.
  Overload 1 of 3, '(left: Column<ColumnBaseConfig<ColumnDataType, string>, object, object>, right: unknown): SQL<unknown>', gave the following error.
    Argument of type '{ name: string; }' is not assignable to parameter of type 'Column<ColumnBaseConfig<ColumnDataType, string>, object, object>'.
      Type '{ name: string; }' is missing the following properties from type 'Column<ColumnBaseConfig<ColumnDataType, string>, object, object>': table, _, keyAsName, primary, and 18 more.
  Overload 2 of 3, '(left: Aliased<boolean>, right: boolean | SQLWrapper): SQL<unknown>', gave the following error.
    Argument of type '{ name: string; }' is not assignable to parameter of type 'Aliased<boolean>'.
      Type '{ name: string; }' is missing the following properties from type 'Aliased<boolean>': sql, fieldAlias, _, getSQL
  Overload 3 of 3, '(left: SQLWrapper, right: unknown): SQL<unknown>', gave the following error.
    Argument of type '{ name: string; }' is not assignable to parameter of type 'SQLWrapper'.
      Property 'getSQL' is missing in type '{ name: string; }' but required in type 'SQLWrapper'.

137           eq(advertisements.active, true)
                 ~~~~~~~~~~~~~~~~~~~~~

  node_modules/drizzle-orm/sql/sql.d.ts:50:5
    50     getSQL(): SQL;
           ~~~~~~~~~~~~~~
    'getSQL' is declared here.

server/storage.ts:140:21 - error TS2345: Argument of type '{ name: string; }' is not assignable to parameter of type 'SQLWrapper | AnyColumn'.
  Type '{ name: string; }' is missing the following properties from type 'Column<Required<{ name: string; dataType: ColumnDataType; columnType: string; data: unknown; driverParam: unknown; notNull: boolean; hasDefault: boolean; enumValues: string[] | undefined; tableName: string; isPrimaryKey: boolean; isAutoincrement: boolean; hasRuntimeDefault: boolean; }>, object, object>': table, _, keyAsName, primary, and 18 more.

140       .orderBy(desc(advertisements.createdAt))
                        ~~~~~~~~~~~~~~~~~~~~~~~~

server/storage.ts:142:13 - error TS7006: Parameter 'rows' implicitly has an 'any' type.

142       .then(rows => rows[0]); // ilk uyğun reklamı qaytarır
                ~~~~

server/storage.ts:147:63 - error TS7006: Parameter 'rows' implicitly has an 'any' type.

147     return db.insert(items).values(itemData).returning().then(rows => rows[0]);
                                                                  ~~~~

server/storage.ts:151:84 - error TS7006: Parameter 'rows' implicitly has an 'any' type.

151     return db.update(items).set(itemData).where(eq(items.id, id)).returning().then(rows => rows[0]);
                                                                                       ~~~~

server/storage.ts:155:70 - error TS7006: Parameter 'rows' implicitly has an 'any' type.

155     return db.delete(items).where(eq(items.id, id)).returning().then(rows => rows.length > 0);
                                                                         ~~~~

server/storage.ts:163:65 - error TS7006: Parameter 'rows' implicitly has an 'any' type.

163     return db.insert(images).values(imageData).returning().then(rows => rows[0]);
                                                                    ~~~~

server/storage.ts:170:99 - error TS7006: Parameter 'rows' implicitly has an 'any' type.

170     return db.update(images).set({ isMain: true }).where(eq(images.id, imageId)).returning().then(rows => rows.length > 0);
                                                                                                      ~~~~

server/storage.ts:174:77 - error TS7006: Parameter 'rows' implicitly has an 'any' type.

174     return db.delete(images).where(eq(images.id, imageId)).returning().then(rows => rows.length > 0);
                                                                                ~~~~

server/storage.ts:185:18 - error TS2304: Cannot find name 'conversationParticipants'.

185       .innerJoin(conversationParticipants, eq(conversations.id, conversationParticipants.conversationId))
                     ~~~~~~~~~~~~~~~~~~~~~~~~

server/storage.ts:185:65 - error TS2304: Cannot find name 'conversationParticipants'.

185       .innerJoin(conversationParticipants, eq(conversations.id, conversationParticipants.conversationId))
                                                                    ~~~~~~~~~~~~~~~~~~~~~~~~

server/storage.ts:186:17 - error TS2304: Cannot find name 'conversationParticipants'.

186       .where(eq(conversationParticipants.userId, userId))
                    ~~~~~~~~~~~~~~~~~~~~~~~~

server/storage.ts:191:93 - error TS7006: Parameter 'rows' implicitly has an 'any' type.

191     return db.select().from(conversations).where(eq(conversations.id, conversationId)).then(rows => rows[0]);
                                                                                                ~~~~

server/storage.ts:197:18 - error TS2304: Cannot find name 'conversationParticipants'.

197       .innerJoin(conversationParticipants, eq(conversations.id, conversationParticipants.conversationId))
                     ~~~~~~~~~~~~~~~~~~~~~~~~

server/storage.ts:197:65 - error TS2304: Cannot find name 'conversationParticipants'.

197       .innerJoin(conversationParticipants, eq(conversations.id, conversationParticipants.conversationId))
                                                                    ~~~~~~~~~~~~~~~~~~~~~~~~

server/storage.ts:198:17 - error TS2304: Cannot find name 'conversationParticipants'.

198       .where(eq(conversationParticipants.userId, userId1));
                    ~~~~~~~~~~~~~~~~~~~~~~~~

server/storage.ts:204:23 - error TS7006: Parameter 'rows' implicitly has an 'any' type.

204     return query.then(rows => rows[0]);
                          ~~~~

server/storage.ts:208:79 - error TS7006: Parameter 'rows' implicitly has an 'any' type.

208     return db.insert(conversations).values(conversationData).returning().then(rows => rows[0]);
                                                                                  ~~~~

server/storage.ts:216:78 - error TS7006: Parameter 'rows' implicitly has an 'any' type.

216     return db.select().from(messages).where(eq(messages.id, messageId)).then(rows => rows[0]);
                                                                                 ~~~~

server/storage.ts:225:69 - error TS7006: Parameter 'rows' implicitly has an 'any' type.

225     return db.insert(messages).values(messageData).returning().then(rows => rows[0]);
                                                                        ~~~~

server/storage.ts:259:72 - error TS7006: Parameter 'rows' implicitly has an 'any' type.

259     return db.select().from(offers).where(eq(offers.id, offerId)).then(rows => rows[0]);
                                                                           ~~~~

server/storage.ts:263:65 - error TS7006: Parameter 'rows' implicitly has an 'any' type.

263     return db.insert(offers).values(offerData).returning().then(rows => rows[0]);
                                                                    ~~~~

server/storage.ts:267:116 - error TS7006: Parameter 'rows' implicitly has an 'any' type.

267     return db.update(offers).set({ status, updatedAt: new Date() }).where(eq(offers.id, offerId)).returning().then(rows => rows[0]);
                                                                                                                       ~~~~

server/storage.ts:297:13 - error TS7006: Parameter 'rows' implicitly has an 'any' type.

297       .then(rows => rows[0]);
                ~~~~

server/storage.ts:303:67 - error TS7006: Parameter 'rows' implicitly has an 'any' type.

303     return db.insert(reviews).values(reviewData).returning().then(rows => rows[0]);
                                                                      ~~~~

server/storage.ts:358:13 - error TS7006: Parameter 'rows' implicitly has an 'any' type.

358       .then(rows => rows.length);
                ~~~~

server/storage.ts:362:79 - error TS7006: Parameter 'rows' implicitly has an 'any' type.

362     return db.insert(notifications).values(notificationData).returning().then(rows => rows[0]);
                                                                                  ~~~~

server/storage.ts:375:13 - error TS7006: Parameter 'rows' implicitly has an 'any' type.

375       .then(rows => rows.length > 0);
                ~~~~

server/storage.ts:402:13 - error TS7006: Parameter 'rows' implicitly has an 'any' type.

402       .then(rows => rows.length > 0);
                ~~~~

server/storage.ts:406:71 - error TS7006: Parameter 'rows' implicitly has an 'any' type.

406     return db.insert(favorites).values(favoriteData).returning().then(rows => rows[0]);
                                                                          ~~~~

server/storage.ts:418:13 - error TS7006: Parameter 'rows' implicitly has an 'any' type.

418       .then(rows => rows.length > 0);
                ~~~~

server/storage.ts:426:83 - error TS7006: Parameter 'rows' implicitly has an 'any' type.

426     return db.insert(pushSubscriptions).values(subscriptionData).returning().then(rows => rows[0]);
                                                                                      ~~~~

server/storage.ts:433:13 - error TS7006: Parameter 'rows' implicitly has an 'any' type.

433       .then(rows => rows.length > 0)
                ~~~~


Found 54 errors in 3 files.

Errors  Files
     1  server/db_postgres.ts:55
     2  server/routes.ts:1431
    51  server/storage.ts:3